<?xml version="1.0" encoding="UTF-8"?>
<testsuite xmlns:xsi="http://www.w3.org/2001/XMLSchema-instance" xsi:noNamespaceSchemaLocation="https://maven.apache.org/surefire/maven-surefire-plugin/xsd/surefire-test-report.xsd" version="3.0.2" name="com.innovatech.recursos.MsRecursosApplicationTests" time="5.24" tests="1" errors="0" skipped="0" failures="0">
  <properties>
[...]
</properties>
  <testcase name="contextLoads" classname="com.innovatech.recursos.MsRecursosApplicationTests" time="0.275">
    <system-out><![CDATA[05:39:04.587 [main] INFO org.springframework.test.context.support.AnnotationConfigContextLoaderUtils -- Could not detect default configuration classes for test class [com.innovatech.recursos.MsRecursosApplicationTests]: MsRecursosApplicationTests does not declare any static, non-private, non-final, nested classes annotated with @Configuration.
05:39:04.791 [main] INFO org.springframework.boot.test.context.SpringBootTestContextBootstrapper -- Found @SpringBootConfiguration com.innovatech.recursos.MsRecursosApplication for test class com.innovatech.recursos.MsRecursosApplicationTests

  .   ____          _            __ _ _
 /\\ / ___'_ __ _ _(_)_ __  __ _ \ \ \ \
( ( )\___ | '_ | '_| | '_ \/ _` | \ \ \ \
 \\/  ___)| |_)| | | | | || (_| |  ) ) ) )
  '  |____| .__|_| |_|_| |_\__, | / / / /
 =========|_|==============|___/=/_/_/_/

 :: Spring Boot ::                (v3.4.5)

2026-06-17T05:39:05.279-04:00  INFO 10200 --- [ms-recursos] [           main] c.i.recursos.MsRecursosApplicationTests  : Starting MsRecursosApplicationTests using Java 21.0.11 with PID 10200 (started by Administrator in C:\Users\Administrator\Desktop\Fullstack-Inovatech\Repo-Backend\ms-recursos)
2026-06-17T05:39:05.280-04:00  INFO 10200 --- [ms-recursos] [           main] c.i.recursos.MsRecursosApplicationTests  : The following 1 profile is active: "test"
2026-06-17T05:39:06.104-04:00  INFO 10200 --- [ms-recursos] [           main] .s.d.r.c.RepositoryConfigurationDelegate : Bootstrapping Spring Data JPA repositories in DEFAULT mode.
2026-06-17T05:39:06.158-04:00  INFO 10200 --- [ms-recursos] [           main] .s.d.r.c.RepositoryConfigurationDelegate : Finished Spring Data repository scanning in 45 ms. Found 1 JPA repository interface.
2026-06-17T05:39:06.726-04:00  INFO 10200 --- [ms-recursos] [           main] o.hibernate.jpa.internal.util.LogHelper  : HHH000204: Processing PersistenceUnitInfo [name: default]
2026-06-17T05:39:06.784-04:00  INFO 10200 --- [ms-recursos] [           main] org.hibernate.Version                    : HHH000412: Hibernate ORM core version 6.6.13.Final
2026-06-17T05:39:06.828-04:00  INFO 10200 --- [ms-recursos] [           main] o.h.c.internal.RegionFactoryInitiator    : HHH000026: Second-level cache disabled
2026-06-17T05:39:07.117-04:00  INFO 10200 --- [ms-recursos] [           main] o.s.o.j.p.SpringPersistenceUnitInfo      : No LoadTimeWeaver setup: ignoring JPA class transformer
2026-06-17T05:39:07.146-04:00  INFO 10200 --- [ms-recursos] [           main] com.zaxxer.hikari.HikariDataSource       : HikariPool-1 - Starting...
2026-06-17T05:39:07.403-04:00  INFO 10200 --- [ms-recursos] [           main] com.zaxxer.hikari.pool.HikariPool        : HikariPool-1 - Added connection conn0: url=jdbc:h2:mem:testdb user=SA
2026-06-17T05:39:07.405-04:00  INFO 10200 --- [ms-recursos] [           main] com.zaxxer.hikari.HikariDataSource       : HikariPool-1 - Start completed.
2026-06-17T05:39:07.432-04:00  WARN 10200 --- [ms-recursos] [           main] org.hibernate.orm.deprecation            : HHH90000025: H2Dialect does not need to be specified explicitly using 'hibernate.dialect' (remove the property setting and it will be selected by default)
2026-06-17T05:39:07.453-04:00  INFO 10200 --- [ms-recursos] [           main] org.hibernate.orm.connections.pooling    : HHH10001005: Database info:
	Database JDBC URL [Connecting through datasource 'HikariDataSource (HikariPool-1)']
	Database driver: undefined/unknown
	Database version: 2.3.232
	Autocommit mode: undefined/unknown
	Isolation level: undefined/unknown
	Minimum pool size: undefined/unknown
	Maximum pool size: undefined/unknown
2026-06-17T05:39:08.481-04:00  INFO 10200 --- [ms-recursos] [           main] o.h.e.t.j.p.i.JtaPlatformInitiator       : HHH000489: No JTA platform available (set 'hibernate.transaction.jta.platform' to enable JTA platform integration)
Hibernate: drop table if exists resources cascade 
Hibernate: create table resources (available boolean not null, assigned_project_id bigint, created_at timestamp(6), id bigint generated by default as identity, updated_at timestamp(6), assigned_project_name varchar(255), department varchar(255) not null, email varchar(255) not null unique, name varchar(255) not null, skills varchar(255), role enum ('CONSULTANT','DESIGNER','DEVELOPER','DEVOPS','MANAGER','QA') not null, primary key (id))
2026-06-17T05:39:08.511-04:00  INFO 10200 --- [ms-recursos] [           main] j.LocalContainerEntityManagerFactoryBean : Initialized JPA EntityManagerFactory for persistence unit 'default'
2026-06-17T05:39:08.823-04:00  WARN 10200 --- [ms-recursos] [           main] JpaBaseConfiguration$JpaWebConfiguration : spring.jpa.open-in-view is enabled by default. Therefore, database queries may be performed during view rendering. Explicitly configure spring.jpa.open-in-view to disable this warning
2026-06-17T05:39:08.840-04:00  WARN 10200 --- [ms-recursos] [           main] .s.s.UserDetailsServiceAutoConfiguration : 

Using generated security password: f23de488-f24b-4158-bb8b-10bb7a1fe920

This generated password is for development use only. Your security configuration must be updated before running your application in production.

2026-06-17T05:39:08.864-04:00  INFO 10200 --- [ms-recursos] [           main] r$InitializeUserDetailsManagerConfigurer : Global AuthenticationManager configured with UserDetailsService bean with name inMemoryUserDetailsManager
2026-06-17T05:39:09.357-04:00  INFO 10200 --- [ms-recursos] [           main] c.i.recursos.MsRecursosApplicationTests  : Started MsRecursosApplicationTests in 4.385 seconds (process running for 5.777)
]]></system-out>
    <system-err><![CDATA[jun 17, 2026 5:39:03 A. M. org.junit.platform.launcher.core.LauncherConfigurationParameters loadClasspathResource
ADVERTENCIA: Discovered 3 'junit-platform.properties' configuration files on the classpath (see below); only the first (*) will be used.
- jar:file:/C:/Users/Administrator/.m2/repository/org/apache/kafka/kafka-clients/3.8.1/kafka-clients-3.8.1-test.jar!/junit-platform.properties (*)
- jar:file:/C:/Users/Administrator/.m2/repository/org/apache/kafka/kafka-server-common/3.8.1/kafka-server-common-3.8.1-test.jar!/junit-platform.properties
- jar:file:/C:/Users/Administrator/.m2/repository/org/apache/kafka/kafka_2.13/3.8.1/kafka_2.13-3.8.1-test.jar!/junit-platform.properties
jun 17, 2026 5:39:04 A. M. org.junit.platform.launcher.core.LauncherConfigurationParameters loadClasspathResource
ADVERTENCIA: Discovered 3 'junit-platform.properties' configuration files on the classpath (see below); only the first (*) will be used.
- jar:file:/C:/Users/Administrator/.m2/repository/org/apache/kafka/kafka-clients/3.8.1/kafka-clients-3.8.1-test.jar!/junit-platform.properties (*)
- jar:file:/C:/Users/Administrator/.m2/repository/org/apache/kafka/kafka-server-common/3.8.1/kafka-server-common-3.8.1-test.jar!/junit-platform.properties
- jar:file:/C:/Users/Administrator/.m2/repository/org/apache/kafka/kafka_2.13/3.8.1/kafka_2.13-3.8.1-test.jar!/junit-platform.properties
jun 17, 2026 5:39:04 A. M. org.junit.platform.launcher.core.LauncherConfigurationParameters loadClasspathResource
ADVERTENCIA: Discovered 3 'junit-platform.properties' configuration files on the classpath (see below); only the first (*) will be used.
- jar:file:/C:/Users/Administrator/.m2/repository/org/apache/kafka/kafka-clients/3.8.1/kafka-clients-3.8.1-test.jar!/junit-platform.properties (*)
- jar:file:/C:/Users/Administrator/.m2/repository/org/apache/kafka/kafka-server-common/3.8.1/kafka-server-common-3.8.1-test.jar!/junit-platform.properties
- jar:file:/C:/Users/Administrator/.m2/repository/org/apache/kafka/kafka_2.13/3.8.1/kafka_2.13-3.8.1-test.jar!/junit-platform.properties
Mockito is currently self-attaching to enable the inline-mock-maker. This will no longer work in future releases of the JDK. Please add Mockito as an agent to your build what is described in Mockito's documentation: https://javadoc.io/doc/org.mockito/mockito-core/latest/org/mockito/Mockito.html#0.3
WARNING: A Java agent has been loaded dynamically (C:\Users\Administrator\.m2\repository\net\bytebuddy\byte-buddy-agent\1.15.11\byte-buddy-agent-1.15.11.jar)
WARNING: If a serviceability tool is in use, please run with -XX:+EnableDynamicAgentLoading to hide this warning
WARNING: If a serviceability tool is not in use, please run with -Djdk.instrument.traceUsage for more information
WARNING: Dynamic loading of agents will be disallowed by default in a future release
]]></system-err>
  </testcase>
</testsuite>