GROUP,PACKAGE,CLASS,INSTRUCTION_MISSED,INSTRUCTION_COVERED,BRANCH_MISSED,BRANCH_COVERED,LINE_MISSED,LINE_COVERED,COMPLEXITY_MISSED,COMPLEXITY_COVERED,METHOD_MISSED,METHOD_COVERED
ms-recursos,com.innovatech.recursos.dto,ResourceDtos,3,0,0,0,1,0,1,0,1,0
ms-recursos,com.innovatech.recursos.messaging,ProjectEventConsumer,24,4,0,0,4,1,1,1,1,1
ms-recursos,com.innovatech.recursos.controller,ResourceController,72,0,0,0,12,0,9,0,9,0
ms-recursos,com.innovatech.recursos.config,SecurityConfig,0,26,0,0,0,6,0,4,0,4
ms-recursos,com.innovatech.recursos.config,GlobalExceptionHandler,72,3,2,0,12,1,6,1,5,1
ms-recursos,com.innovatech.recursos.service,ResourceService,212,0,6,0,44,0,16,0,13,0
ms-recursos,com.innovatech.recursos,MsRecursosApplication,5,3,0,0,2,1,1,1,1,1
ms-recursos,com.innovatech.recursos.model,Resource.ResourceRole,0,39,0,0,0,2,0,1,0,1
ms-recursos,com.innovatech.recursos.model,Resource,4,0,0,0,2,0,1,0,1,0
